<?xml version="1.0" encoding="UTF-8"?>
<!-- Generated by org.testng.reporters.JUnitReportReporter -->
<testsuite hostname="Garima2679" name="Get400" tests="3" failures="0" timestamp="23 Jan 2019 12:14:32 GMT" time="6.104" errors="0">
  <testcase name="notfoundstatuscode" time="1.285" classname="Get400"/>
  <testcase name="notfoundstatuscode" time="2.202" classname="Get400"/>
  <testcase name="notfoundstatuscode" time="2.617" classname="Get400"/>
</testsuite> <!-- Get400 -->
