<?xml version="1.0" encoding="UTF-8"?>
<!-- Generated by org.testng.reporters.JUnitReportReporter -->
<testsuite hostname="Garima2679" name="Get200" tests="2" failures="0" timestamp="23 Jan 2019 11:50:47 GMT" time="3.706" errors="0">
  <testcase name="ratelimitcode" time="2.357" classname="Get200"/>
  <testcase name="teststatuscode" time="1.349" classname="Get200"/>
</testsuite> <!-- Get200 -->
