<?xml version="1.0" encoding="UTF-8"?>
<!-- Generated by org.testng.reporters.JUnitReportReporter -->
<testsuite hostname="Garima2679" name="RestassuredAPI" tests="1" failures="0" timestamp="24 Jan 2019 08:00:01 GMT" time="3.720" errors="0">
  <testcase name="contenttypeisjson" time="3.720" classname="RestassuredAPI"/>
</testsuite> <!-- RestassuredAPI -->
