<?xml version="1.0" encoding="UTF-8"?>
<!-- Generated by org.testng.reporters.JUnitReportReporter -->
<testsuite hostname="Garima2679" name="headers" tests="2" failures="0" timestamp="23 Jan 2019 12:54:33 GMT" time="3.408" errors="0">
  <testcase name="serverisgithub" time="1.483" classname="headers"/>
  <testcase name="contenttypeisjson" time="1.925" classname="headers"/>
</testsuite> <!-- headers -->
